<?xml version="1.0" encoding="UTF-8"?>
<testsuite name="com.example.firstproject.DemoApplicationTests" tests="1" skipped="0" failures="0" errors="0" timestamp="2024-07-29T11:17:14" hostname="DESKTOP-N7S9QR3" time="0.422">
  <properties/>
  <testcase name="contextLoads()" classname="com.example.firstproject.DemoApplicationTests" time="0.422"/>
  <system-out><![CDATA[20:17:12.733 [Test worker] INFO org.springframework.test.context.support.AnnotationConfigContextLoaderUtils -- Could not detect default configuration classes for test class [com.example.firstproject.DemoApplicationTests]: DemoApplicationTests does not declare any static, non-private, non-final, nested classes annotated with @Configuration.
20:17:12.802 [Test worker] INFO org.springframework.boot.test.context.SpringBootTestContextBootstrapper -- Found @SpringBootConfiguration com.example.firstproject.DemoApplication for test class com.example.firstproject.DemoApplicationTests

  .   ____          _            __ _ _
 /\\ / ___'_ __ _ _(_)_ __  __ _ \ \ \ \
( ( )\___ | '_ | '_| | '_ \/ _` | \ \ \ \
 \\/  ___)| |_)| | | | | || (_| |  ) ) ) )
  '  |____| .__|_| |_|_| |_\__, | / / / /
 =========|_|==============|___/=/_/_/_/

 :: Spring Boot ::                (v3.3.2)

2024-07-29T20:17:13.115+09:00  INFO 18860 --- [demo] [    Test worker] c.e.firstproject.DemoApplicationTests    : Starting DemoApplicationTests using Java 22.0.1 with PID 18860 (started by Seongbin in C:\Users\Seongbin\Desktop\demo\demo)
2024-07-29T20:17:13.116+09:00  INFO 18860 --- [demo] [    Test worker] c.e.firstproject.DemoApplicationTests    : No active profile set, falling back to 1 default profile: "default"
2024-07-29T20:17:13.487+09:00  INFO 18860 --- [demo] [    Test worker] .s.d.r.c.RepositoryConfigurationDelegate : Bootstrapping Spring Data JPA repositories in DEFAULT mode.
2024-07-29T20:17:13.501+09:00  INFO 18860 --- [demo] [    Test worker] .s.d.r.c.RepositoryConfigurationDelegate : Finished Spring Data repository scanning in 8 ms. Found 0 JPA repository interfaces.
2024-07-29T20:17:13.744+09:00  INFO 18860 --- [demo] [    Test worker] com.zaxxer.hikari.HikariDataSource       : HikariPool-1 - Starting...
2024-07-29T20:17:13.924+09:00  INFO 18860 --- [demo] [    Test worker] com.zaxxer.hikari.pool.HikariPool        : HikariPool-1 - Added connection conn0: url=jdbc:h2:mem:2aea113c-ec60-42e7-bb7d-f3c6c89cb935 user=SA
2024-07-29T20:17:13.925+09:00  INFO 18860 --- [demo] [    Test worker] com.zaxxer.hikari.HikariDataSource       : HikariPool-1 - Start completed.
2024-07-29T20:17:13.957+09:00  INFO 18860 --- [demo] [    Test worker] o.hibernate.jpa.internal.util.LogHelper  : HHH000204: Processing PersistenceUnitInfo [name: default]
2024-07-29T20:17:13.999+09:00  INFO 18860 --- [demo] [    Test worker] org.hibernate.Version                    : HHH000412: Hibernate ORM core version 6.5.2.Final
2024-07-29T20:17:14.024+09:00  INFO 18860 --- [demo] [    Test worker] o.h.c.internal.RegionFactoryInitiator    : HHH000026: Second-level cache disabled
2024-07-29T20:17:14.253+09:00  INFO 18860 --- [demo] [    Test worker] o.s.o.j.p.SpringPersistenceUnitInfo      : No LoadTimeWeaver setup: ignoring JPA class transformer
2024-07-29T20:17:14.523+09:00  INFO 18860 --- [demo] [    Test worker] o.h.e.t.j.p.i.JtaPlatformInitiator       : HHH000489: No JTA platform available (set 'hibernate.transaction.jta.platform' to enable JTA platform integration)
2024-07-29T20:17:14.527+09:00  INFO 18860 --- [demo] [    Test worker] j.LocalContainerEntityManagerFactoryBean : Initialized JPA EntityManagerFactory for persistence unit 'default'
2024-07-29T20:17:14.618+09:00  WARN 18860 --- [demo] [    Test worker] JpaBaseConfiguration$JpaWebConfiguration : spring.jpa.open-in-view is enabled by default. Therefore, database queries may be performed during view rendering. Explicitly configure spring.jpa.open-in-view to disable this warning
2024-07-29T20:17:14.636+09:00  INFO 18860 --- [demo] [    Test worker] o.s.b.a.w.s.WelcomePageHandlerMapping    : Adding welcome page: class path resource [static/index.html]
2024-07-29T20:17:14.874+09:00  INFO 18860 --- [demo] [    Test worker] c.e.firstproject.DemoApplicationTests    : Started DemoApplicationTests in 1.95 seconds (process running for 2.707)
]]></system-out>
  <system-err><![CDATA[WARNING: A Java agent has been loaded dynamically (C:\Users\Seongbin\.gradle\caches\modules-2\files-2.1\net.bytebuddy\byte-buddy-agent\1.14.18\417558ea01fe9f0e8a94af28b9469d281c4e3984\byte-buddy-agent-1.14.18.jar)
WARNING: If a serviceability tool is in use, please run with -XX:+EnableDynamicAgentLoading to hide this warning
WARNING: If a serviceability tool is not in use, please run with -Djdk.instrument.traceUsage for more information
WARNING: Dynamic loading of agents will be disallowed by default in a future release
]]></system-err>
</testsuite>
